Compiling the C compiler identification source file "CMakeCCompilerId.c" failed.
Compiler: /usr/bin/arm-none-eabi-gcc 
Build flags: 
Id flags:  

The output was:
1
/usr/lib/gcc/arm-none-eabi/7.3.0/../../../../arm-none-eabi/bin/ld: cannot find crt0.o: No such file or directory
/usr/lib/gcc/arm-none-eabi/7.3.0/../../../../arm-none-eabi/bin/ld: cannot find -lc
collect2: error: ld returned 1 exit status


Detecting C compiler ABI info failed to compile with the following output:
Change Dir: /home/prw/CLionProjects/Bluetooth_Test1/cmake-build-release/CMakeFiles/CMakeTmp

Run Build Command:"/usr/bin/make" "cmTC_eaea4/fast"
/usr/bin/make -f CMakeFiles/cmTC_eaea4.dir/build.make CMakeFiles/cmTC_eaea4.dir/build
make[1]: Entering directory '/home/prw/CLionProjects/Bluetooth_Test1/cmake-build-release/CMakeFiles/CMakeTmp'
Building C object CMakeFiles/cmTC_eaea4.dir/CMakeCCompilerABI.c.obj
/usr/bin/arm-none-eabi-gcc   -mcpu=cortex-m4  -mthumb -mthumb-interwork -ffunction-sections -fdata-sections -g -fno-common -fmessage-length=0 -specs=nosys.specs -specs=nano.specs -std=gnu99    -o CMakeFiles/cmTC_eaea4.dir/CMakeCCompilerABI.c.obj   -c /home/prw/APP/clion-2017.3/bin/cmake/share/cmake-3.9/Modules/CMakeCCompilerABI.c
arm-none-eabi-gcc: error: nosys.specs: No such file or directory
make[1]: *** [CMakeFiles/cmTC_eaea4.dir/build.make:66: CMakeFiles/cmTC_eaea4.dir/CMakeCCompilerABI.c.obj] Error 1
make[1]: Leaving directory '/home/prw/CLionProjects/Bluetooth_Test1/cmake-build-release/CMakeFiles/CMakeTmp'
make: *** [Makefile:126: cmTC_eaea4/fast] Error 2



Detecting C [-std=c11] compiler features failed to compile with the following output:
Change Dir: /home/prw/CLionProjects/Bluetooth_Test1/cmake-build-release/CMakeFiles/CMakeTmp

Run Build Command:"/usr/bin/make" "cmTC_b82a8/fast"
/usr/bin/make -f CMakeFiles/cmTC_b82a8.dir/build.make CMakeFiles/cmTC_b82a8.dir/build
make[1]: Entering directory '/home/prw/CLionProjects/Bluetooth_Test1/cmake-build-release/CMakeFiles/CMakeTmp'
Building C object CMakeFiles/cmTC_b82a8.dir/feature_tests.c.obj
/usr/bin/arm-none-eabi-gcc   -mcpu=cortex-m4  -mthumb -mthumb-interwork -ffunction-sections -fdata-sections -g -fno-common -fmessage-length=0 -specs=nosys.specs -specs=nano.specs -std=gnu99    -std=c11 -o CMakeFiles/cmTC_b82a8.dir/feature_tests.c.obj   -c /home/prw/CLionProjects/Bluetooth_Test1/cmake-build-release/CMakeFiles/feature_tests.c
arm-none-eabi-gcc: error: nosys.specs: No such file or directory
make[1]: *** [CMakeFiles/cmTC_b82a8.dir/build.make:66: CMakeFiles/cmTC_b82a8.dir/feature_tests.c.obj] Error 1
make[1]: Leaving directory '/home/prw/CLionProjects/Bluetooth_Test1/cmake-build-release/CMakeFiles/CMakeTmp'
make: *** [Makefile:126: cmTC_b82a8/fast] Error 2



